# JRE version: OpenJDK Runtime Environment Temurin-21.0.8+9 (21.0.8+9) (build 21.0.8+9-LTS)
# Java VM: OpenJDK 64-Bit Server VM Temurin-21.0.8+9 (21.0.8+9-LTS, mixed mode, sharing, tiered, compressed oops, compressed class ptrs, g1 gc, windows-amd64)
GC Precious Log:
 CardTable entry size: 512
 Card Set container configuration: InlinePtr #cards 4 size 8 Array Of Cards #cards 16 size 48 Howl #buckets 8 coarsen threshold 3686 Howl Bitmap #cards 512 size 80 coarsen threshold 460 Card regions per heap region 1 cards per card region 4096
 CPUs: 12 total, 12 available
 Memory: 16225M
 Large Page Support: Disabled
 NUMA Support: Disabled
 Compressed Oops: Enabled (Zero based)
 Heap Region Size: 2M
 Heap Min Capacity: 8M
 Heap Initial Capacity: 254M
 Heap Max Capacity: 4058M
 Pre-touch: Disabled
 Parallel Workers: 10
 Concurrent Workers: 3
 Concurrent Refinement Workers: 10
 Periodic GC: Disabled
Heap:
 garbage-first heap   total 65536K, used 24900K [0x0000000702600000, 0x0000000800000000)
  region size 2048K, 5 young (10240K), 2 survivors (4096K)
 Metaspace       used 35726K, committed 36352K, reserved 1114112K
  class space    used 4509K, committed 4800K, reserved 1048576K
GC Heap History (20 events):
Event: 84.932 GC heap before
{Heap before GC invocations=9 (full 0):
 garbage-first heap   total 65536K, used 52927K [0x0000000702600000, 0x0000000800000000)
  region size 2048K, 18 young (36864K), 2 survivors (4096K)
 Metaspace       used 35343K, committed 36032K, reserved 1114112K
  class space    used 4490K, committed 4800K, reserved 1048576K
}
Event: 84.937 GC heap after
{Heap after GC invocations=10 (full 0):
 garbage-first heap   total 65536K, used 21126K [0x0000000702600000, 0x0000000800000000)
  region size 2048K, 2 young (4096K), 2 survivors (4096K)
 Metaspace       used 35343K, committed 36032K, reserved 1114112K
  class space    used 4490K, committed 4800K, reserved 1048576K
}
Event: 94.948 GC heap before
{Heap before GC invocations=10 (full 0):
 garbage-first heap   total 65536K, used 25222K [0x0000000702600000, 0x0000000800000000)
  region size 2048K, 5 young (10240K), 2 survivors (4096K)
 Metaspace       used 35487K, committed 36096K, reserved 1114112K
  class space    used 4491K, committed 4800K, reserved 1048576K
}
Event: 94.950 GC heap after
{Heap after GC invocations=11 (full 0):
 garbage-first heap   total 65536K, used 21068K [0x0000000702600000, 0x0000000800000000)
  region size 2048K, 2 young (4096K), 2 survivors (4096K)
 Metaspace       used 35487K, committed 36096K, reserved 1114112K
  class space    used 4491K, committed 4800K, reserved 1048576K
}
Event: 140.856 GC heap before
{Heap before GC invocations=12 (full 0):
 garbage-first heap   total 65536K, used 51788K [0x0000000702600000, 0x0000000800000000)
  region size 2048K, 17 young (34816K), 2 survivors (4096K)
 Metaspace       used 35567K, committed 36288K, reserved 1114112K
  class space    used 4491K, committed 4800K, reserved 1048576K
}
Event: 140.857 GC heap after
{Heap after GC invocations=13 (full 0):
 garbage-first heap   total 65536K, used 21097K [0x0000000702600000, 0x0000000800000000)
  region size 2048K, 2 young (4096K), 2 survivors (4096K)
 Metaspace       used 35567K, committed 36288K, reserved 1114112K
  class space    used 4491K, committed 4800K, reserved 1048576K
}
Event: 174.989 GC heap before
{Heap before GC invocations=13 (full 0):
 garbage-first heap   total 65536K, used 51817K [0x0000000702600000, 0x0000000800000000)
  region size 2048K, 17 young (34816K), 2 survivors (4096K)
 Metaspace       used 35584K, committed 36288K, reserved 1114112K
  class space    used 4491K, committed 4800K, reserved 1048576K
}
Event: 174.991 GC heap after
{Heap after GC invocations=14 (full 0):
 garbage-first heap   total 65536K, used 20860K [0x0000000702600000, 0x0000000800000000)
  region size 2048K, 2 young (4096K), 2 survivors (4096K)
 Metaspace       used 35584K, committed 36288K, reserved 1114112K
  class space    used 4491K, committed 4800K, reserved 1048576K
}
Event: 208.644 GC heap before
{Heap before GC invocations=14 (full 0):
 garbage-first heap   total 65536K, used 51580K [0x0000000702600000, 0x0000000800000000)
  region size 2048K, 17 young (34816K), 2 survivors (4096K)
 Metaspace       used 35605K, committed 36288K, reserved 1114112K
  class space    used 4491K, committed 4800K, reserved 1048576K
}
Event: 208.645 GC heap after
{Heap after GC invocations=15 (full 0):
 garbage-first heap   total 65536K, used 20876K [0x0000000702600000, 0x0000000800000000)
  region size 2048K, 2 young (4096K), 2 survivors (4096K)
 Metaspace       used 35605K, committed 36288K, reserved 1114112K
  class space    used 4491K, committed 4800K, reserved 1048576K
}
Event: 249.160 GC heap before
{Heap before GC invocations=15 (full 0):
 garbage-first heap   total 65536K, used 51596K [0x0000000702600000, 0x0000000800000000)
  region size 2048K, 17 young (34816K), 2 survivors (4096K)
 Metaspace       used 35605K, committed 36288K, reserved 1114112K
  class space    used 4491K, committed 4800K, reserved 1048576K
}
Event: 249.162 GC heap after
{Heap after GC invocations=16 (full 0):
 garbage-first heap   total 65536K, used 20862K [0x0000000702600000, 0x0000000800000000)
  region size 2048K, 2 young (4096K), 2 survivors (4096K)
 Metaspace       used 35605K, committed 36288K, reserved 1114112K
  class space    used 4491K, committed 4800K, reserved 1048576K
}
Event: 286.425 GC heap before
{Heap before GC invocations=16 (full 0):
 garbage-first heap   total 65536K, used 51582K [0x0000000702600000, 0x0000000800000000)
  region size 2048K, 17 young (34816K), 2 survivors (4096K)
 Metaspace       used 35623K, committed 36288K, reserved 1114112K
  class space    used 4491K, committed 4800K, reserved 1048576K
}
Event: 286.426 GC heap after
{Heap after GC invocations=17 (full 0):
 garbage-first heap   total 65536K, used 20909K [0x0000000702600000, 0x0000000800000000)
  region size 2048K, 2 young (4096K), 2 survivors (4096K)
 Metaspace       used 35623K, committed 36288K, reserved 1114112K
  class space    used 4491K, committed 4800K, reserved 1048576K
}
Event: 322.964 GC heap before
{Heap before GC invocations=17 (full 0):
 garbage-first heap   total 65536K, used 51629K [0x0000000702600000, 0x0000000800000000)
  region size 2048K, 17 young (34816K), 2 survivors (4096K)
 Metaspace       used 35631K, committed 36288K, reserved 1114112K
  class space    used 4491K, committed 4800K, reserved 1048576K
}
Event: 322.966 GC heap after
{Heap after GC invocations=18 (full 0):
 garbage-first heap   total 65536K, used 20814K [0x0000000702600000, 0x0000000800000000)
  region size 2048K, 2 young (4096K), 2 survivors (4096K)
 Metaspace       used 35631K, committed 36288K, reserved 1114112K
  class space    used 4491K, committed 4800K, reserved 1048576K
}
Event: 361.249 GC heap before
{Heap before GC invocations=18 (full 0):
 garbage-first heap   total 65536K, used 51534K [0x0000000702600000, 0x0000000800000000)
  region size 2048K, 17 young (34816K), 2 survivors (4096K)
 Metaspace       used 35632K, committed 36288K, reserved 1114112K
  class space    used 4491K, committed 4800K, reserved 1048576K
}
Event: 361.251 GC heap after
{Heap after GC invocations=19 (full 0):
 garbage-first heap   total 65536K, used 20838K [0x0000000702600000, 0x0000000800000000)
  region size 2048K, 2 young (4096K), 2 survivors (4096K)
 Metaspace       used 35632K, committed 36288K, reserved 1114112K
  class space    used 4491K, committed 4800K, reserved 1048576K
}
Event: 400.001 GC heap before
{Heap before GC invocations=19 (full 0):
 garbage-first heap   total 65536K, used 51558K [0x0000000702600000, 0x0000000800000000)
  region size 2048K, 17 young (34816K), 2 survivors (4096K)
 Metaspace       used 35632K, committed 36288K, reserved 1114112K
  class space    used 4491K, committed 4800K, reserved 1048576K
}
Event: 400.003 GC heap after
{Heap after GC invocations=20 (full 0):
 garbage-first heap   total 65536K, used 20804K [0x0000000702600000, 0x0000000800000000)
  region size 2048K, 2 young (4096K), 2 survivors (4096K)
 Metaspace       used 35632K, committed 36288K, reserved 1114112K
  class space    used 4491K, committed 4800K, reserved 1048576K
}

