# JRE version: OpenJDK Runtime Environment Temurin-21.0.8+9 (21.0.8+9) (build 21.0.8+9-LTS)
# Java VM: OpenJDK 64-Bit Server VM Temurin-21.0.8+9 (21.0.8+9-LTS, mixed mode, sharing, tiered, compressed oops, compressed class ptrs, g1 gc, windows-amd64)
GC Precious Log:
 CardTable entry size: 512
 Card Set container configuration: InlinePtr #cards 4 size 8 Array Of Cards #cards 16 size 48 Howl #buckets 8 coarsen threshold 3686 Howl Bitmap #cards 512 size 80 coarsen threshold 460 Card regions per heap region 1 cards per card region 4096
 CPUs: 12 total, 12 available
 Memory: 16225M
 Large Page Support: Disabled
 NUMA Support: Disabled
 Compressed Oops: Enabled (Zero based)
 Heap Region Size: 2M
 Heap Min Capacity: 8M
 Heap Initial Capacity: 254M
 Heap Max Capacity: 4058M
 Pre-touch: Disabled
 Parallel Workers: 10
 Concurrent Workers: 3
 Concurrent Refinement Workers: 10
 Periodic GC: Disabled
Heap:
 garbage-first heap   total 65536K, used 26824K [0x0000000702600000, 0x0000000800000000)
  region size 2048K, 6 young (12288K), 2 survivors (4096K)
 Metaspace       used 36006K, committed 36672K, reserved 1114112K
  class space    used 4522K, committed 4800K, reserved 1048576K
GC Heap History (20 events):
Event: 1.862 GC heap before
{Heap before GC invocations=3 (full 0):
 garbage-first heap   total 260096K, used 20236K [0x0000000702600000, 0x0000000800000000)
  region size 2048K, 8 young (16384K), 4 survivors (8192K)
 Metaspace       used 21146K, committed 21504K, reserved 1114112K
  class space    used 2673K, committed 2816K, reserved 1048576K
}
Event: 1.865 GC heap after
{Heap after GC invocations=4 (full 0):
 garbage-first heap   total 260096K, used 14872K [0x0000000702600000, 0x0000000800000000)
  region size 2048K, 4 young (8192K), 4 survivors (8192K)
 Metaspace       used 21146K, committed 21504K, reserved 1114112K
  class space    used 2673K, committed 2816K, reserved 1048576K
}
Event: 2.493 GC heap before
{Heap before GC invocations=5 (full 0):
 garbage-first heap   total 55296K, used 53784K [0x0000000702600000, 0x0000000800000000)
  region size 2048K, 23 young (47104K), 4 survivors (8192K)
 Metaspace       used 26258K, committed 26752K, reserved 1114112K
  class space    used 3352K, committed 3584K, reserved 1048576K
}
Event: 2.498 GC heap after
{Heap after GC invocations=6 (full 0):
 garbage-first heap   total 65536K, used 17606K [0x0000000702600000, 0x0000000800000000)
  region size 2048K, 5 young (10240K), 5 survivors (10240K)
 Metaspace       used 26258K, committed 26752K, reserved 1114112K
  class space    used 3352K, committed 3584K, reserved 1048576K
}
Event: 2.876 GC heap before
{Heap before GC invocations=6 (full 0):
 garbage-first heap   total 65536K, used 46278K [0x0000000702600000, 0x0000000800000000)
  region size 2048K, 19 young (38912K), 5 survivors (10240K)
 Metaspace       used 29819K, committed 30400K, reserved 1114112K
  class space    used 3828K, committed 4096K, reserved 1048576K
}
Event: 2.882 GC heap after
{Heap after GC invocations=7 (full 0):
 garbage-first heap   total 65536K, used 18874K [0x0000000702600000, 0x0000000800000000)
  region size 2048K, 3 young (6144K), 3 survivors (6144K)
 Metaspace       used 29819K, committed 30400K, reserved 1114112K
  class space    used 3828K, committed 4096K, reserved 1048576K
}
Event: 118.020 GC heap before
{Heap before GC invocations=7 (full 0):
 garbage-first heap   total 65536K, used 49594K [0x0000000702600000, 0x0000000800000000)
  region size 2048K, 19 young (38912K), 3 survivors (6144K)
 Metaspace       used 33167K, committed 33792K, reserved 1114112K
  class space    used 4251K, committed 4544K, reserved 1048576K
}
Event: 118.023 GC heap after
{Heap after GC invocations=8 (full 0):
 garbage-first heap   total 65536K, used 19999K [0x0000000702600000, 0x0000000800000000)
  region size 2048K, 2 young (4096K), 2 survivors (4096K)
 Metaspace       used 33167K, committed 33792K, reserved 1114112K
  class space    used 4251K, committed 4544K, reserved 1048576K
}
Event: 118.411 GC heap before
{Heap before GC invocations=8 (full 0):
 garbage-first heap   total 65536K, used 52767K [0x0000000702600000, 0x0000000800000000)
  region size 2048K, 18 young (36864K), 2 survivors (4096K)
 Metaspace       used 34858K, committed 35456K, reserved 1114112K
  class space    used 4449K, committed 4736K, reserved 1048576K
}
Event: 118.413 GC heap after
{Heap after GC invocations=9 (full 0):
 garbage-first heap   total 65536K, used 20054K [0x0000000702600000, 0x0000000800000000)
  region size 2048K, 2 young (4096K), 2 survivors (4096K)
 Metaspace       used 34858K, committed 35456K, reserved 1114112K
  class space    used 4449K, committed 4736K, reserved 1048576K
}
Event: 154.492 GC heap before
{Heap before GC invocations=9 (full 0):
 garbage-first heap   total 65536K, used 48726K [0x0000000702600000, 0x0000000800000000)
  region size 2048K, 17 young (34816K), 2 survivors (4096K)
 Metaspace       used 35323K, committed 35968K, reserved 1114112K
  class space    used 4484K, committed 4800K, reserved 1048576K
}
Event: 154.495 GC heap after
{Heap after GC invocations=10 (full 0):
 garbage-first heap   total 65536K, used 20447K [0x0000000702600000, 0x0000000800000000)
  region size 2048K, 2 young (4096K), 2 survivors (4096K)
 Metaspace       used 35323K, committed 35968K, reserved 1114112K
  class space    used 4484K, committed 4800K, reserved 1048576K
}
Event: 199.055 GC heap before
{Heap before GC invocations=11 (full 0):
 garbage-first heap   total 65536K, used 53215K [0x0000000702600000, 0x0000000800000000)
  region size 2048K, 18 young (36864K), 2 survivors (4096K)
 Metaspace       used 35468K, committed 36096K, reserved 1114112K
  class space    used 4484K, committed 4800K, reserved 1048576K
}
Event: 199.058 GC heap after
{Heap after GC invocations=12 (full 0):
 garbage-first heap   total 65536K, used 20635K [0x0000000702600000, 0x0000000800000000)
  region size 2048K, 1 young (2048K), 1 survivors (2048K)
 Metaspace       used 35468K, committed 36096K, reserved 1114112K
  class space    used 4484K, committed 4800K, reserved 1048576K
}
Event: 242.263 GC heap before
{Heap before GC invocations=12 (full 0):
 garbage-first heap   total 65536K, used 55451K [0x0000000702600000, 0x0000000800000000)
  region size 2048K, 18 young (36864K), 1 survivors (2048K)
 Metaspace       used 35521K, committed 36160K, reserved 1114112K
  class space    used 4484K, committed 4800K, reserved 1048576K
}
Event: 242.266 GC heap after
{Heap after GC invocations=13 (full 0):
 garbage-first heap   total 65536K, used 20386K [0x0000000702600000, 0x0000000800000000)
  region size 2048K, 1 young (2048K), 1 survivors (2048K)
 Metaspace       used 35521K, committed 36160K, reserved 1114112K
  class space    used 4484K, committed 4800K, reserved 1048576K
}
Event: 284.704 GC heap before
{Heap before GC invocations=13 (full 0):
 garbage-first heap   total 65536K, used 55202K [0x0000000702600000, 0x0000000800000000)
  region size 2048K, 18 young (36864K), 1 survivors (2048K)
 Metaspace       used 35707K, committed 36352K, reserved 1114112K
  class space    used 4504K, committed 4800K, reserved 1048576K
}
Event: 284.706 GC heap after
{Heap after GC invocations=14 (full 0):
 garbage-first heap   total 65536K, used 20576K [0x0000000702600000, 0x0000000800000000)
  region size 2048K, 2 young (4096K), 2 survivors (4096K)
 Metaspace       used 35707K, committed 36352K, reserved 1114112K
  class space    used 4504K, committed 4800K, reserved 1048576K
}
Event: 321.063 GC heap before
{Heap before GC invocations=14 (full 0):
 garbage-first heap   total 65536K, used 51296K [0x0000000702600000, 0x0000000800000000)
  region size 2048K, 17 young (34816K), 2 survivors (4096K)
 Metaspace       used 35897K, committed 36544K, reserved 1114112K
  class space    used 4504K, committed 4800K, reserved 1048576K
}
Event: 321.065 GC heap after
{Heap after GC invocations=15 (full 0):
 garbage-first heap   total 65536K, used 20680K [0x0000000702600000, 0x0000000800000000)
  region size 2048K, 2 young (4096K), 2 survivors (4096K)
 Metaspace       used 35897K, committed 36544K, reserved 1114112K
  class space    used 4504K, committed 4800K, reserved 1048576K
}

